[9716:12832:0324/111713:INFO:AppRunner.cpp(611)] Begin run process geeplayer, -runfrom openimage "E:\wamp\www\hexo\themes\snippet\source\favicon.ico", mainplugin is mainPlugin
[9716:12832:0324/111713:INFO:AppRunner.cpp(617)] ProductName is GeePlayer1
[9716:12832:0324/111713:INFO:ChannelManager.cpp(1219)] create connection thread
[9716:12832:0324/111713:INFO:AppRunner.cpp(661)] apppluginbase version is 5.1.3.13
[9716:12832:0324/111713:INFO:UIlib.cpp(192)] quilib: version is 5.1.3.9
[9716:12832:0324/111713:INFO:serviceManager.cpp(508)] mainprocessisrunning key is set as 1
[9716:12832:0324/111713:INFO:serviceManager.cpp(629)] create local service plugin PluginServerStatePlugin
[9716:12832:0324/111713:INFO:serviceManager.cpp(687)] plugin PluginServerStatePlugin DoPluginInit
[9716:12832:0324/111713:INFO:serviceManager.cpp(1272)] repository parse over
[9716:12832:0324/111714:INFO:AppRunner.cpp(720)] loop exit geeplayer call main plugin DestoryPluginEntry
[9716:12832:0324/111714:INFO:PluginDevelopAssistant.cpp(115)] real plugin mainPlugin call DestroyPlugin
[9716:12832:0324/111714:INFO:IPlugin.cpp(31)] destruct plugin mainPlugin
[9716:12832:0324/111714:INFO:serviceManager.cpp(1353)] mainPlugin plugin had destroy by DestructPlugin
[9716:12832:0324/111714:INFO:serviceManager.cpp(1906)] DestructManager begin
[9716:12832:0324/111714:INFO:IPlugin.cpp(31)] destruct plugin PluginServerStatePlugin
[9716:12832:0324/111714:INFO:PluginDevelopAssistant.cpp(295)] real plugin PluginServerStatePlugin call DestroyPlugin
[9716:12832:0324/111714:INFO:serviceManager.cpp(1353)] PluginServerStatePlugin plugin had destroy by DestructPlugin
[9716:12832:0324/111714:INFO:serviceManager.cpp(1759)] DeleteLeftPlugins begin
[9716:12832:0324/111714:INFO:serviceManager.cpp(1822)] DeleteLeftPlugins end
[9716:12832:0324/111714:INFO:serviceManager.cpp(508)] mainprocessisrunning key is set as 0
[9716:12832:0324/111714:INFO:AppRunner.cpp(735)] close mutex of process geeplayer
[9716:12832:0324/111714:INFO:AppRunner.cpp(743)] run process geeplayer end
